<?xml version="1.0" encoding="UTF-8"?><testsuite errors="0" failures="0" name="Remove item from Basket - AC4" skipped="0" tests="4" time="49.06" timestamp="2021-03-08 12:44:56"><testcase name="The one where I am removing an item from basket and checking counter"/><testcase name="The one where I have multiple items in basket and basket page shows remove option for each product"/><testcase name="The one where I remove a product from the basket page and the count is decreased by 1"/><testcase name="The one where I remove the only item available from basket and the counter disappears"/></testsuite>